<?xml version="1.0" encoding="UTF-8"?>
<!-- Generated by org.testng.reporters.JUnitReportReporter -->
<testsuite hostname="Mac.attlocal.net" failures="0" tests="6" name="com.api.tests.ProgramModule" time="1.301" errors="0" timestamp="2025-03-26T19:14:10 CDT" skipped="0">
  <testcase classname="com.api.tests.ProgramModule" name="createprogram" time="0.342"/>
  <testcase classname="com.api.tests.ProgramModule" name="getProgrambyId" time="0.164"/>
  <testcase classname="com.api.tests.ProgramModule" name="UpdateProgram" time="0.172"/>
  <testcase classname="com.api.tests.ProgramModule" name="createprogram" time="0.264"/>
  <testcase classname="com.api.tests.ProgramModule" name="getAllPrograms" time="0.183"/>
  <testcase classname="com.api.tests.ProgramModule" name="createprogram" time="0.176"/>
</testsuite> <!-- com.api.tests.ProgramModule -->
