<?xml version="1.0" encoding="UTF-8"?>
<!-- Generated by org.testng.reporters.JUnitReportReporter -->
<testsuite hostname="Mac.attlocal.net" failures="0" tests="3" name="com.api.tests.APITestSuite" time="0.764" errors="0" timestamp="2025-03-24T16:09:01 CDT" skipped="0">
  <testcase classname="com.api.tests.APITestSuite" name="create_Program" time="0.182"/>
  <testcase classname="com.api.tests.APITestSuite" name="create_Program" time="0.329"/>
  <testcase classname="com.api.tests.APITestSuite" name="Login" time="0.253"/>
</testsuite> <!-- com.api.tests.APITestSuite -->
