<?xml version="1.0" encoding="UTF-8"?>
<!-- Generated by org.testng.reporters.JUnitReportReporter -->
<testsuite hostname="Mac.attlocal.net" failures="0" tests="1" name="com.api.tests.LoginRequest" time="0.988" errors="0" timestamp="2025-03-25T22:18:24 CDT" skipped="0">
  <testcase classname="com.api.tests.LoginRequest" name="login" time="0.988"/>
</testsuite> <!-- com.api.tests.LoginRequest -->
