<?xml version="1.0" encoding="UTF-8"?>
<!-- Generated by org.testng.reporters.JUnitReportReporter -->
<testsuite hostname="Mac.attlocal.net" failures="0" tests="3" name="com.api.tests.CreateProgram" time="0.710" errors="0" timestamp="2025-03-26T15:41:14 CDT" skipped="0">
  <testcase classname="com.api.tests.CreateProgram" name="createprogram" time="0.170"/>
  <testcase classname="com.api.tests.CreateProgram" name="createprogram" time="0.175"/>
  <testcase classname="com.api.tests.CreateProgram" name="createprogram" time="0.365"/>
</testsuite> <!-- com.api.tests.CreateProgram -->
