<?xml version="1.0" encoding="UTF-8"?>
<!-- Generated by org.testng.reporters.JUnitReportReporter -->
<testsuite hostname="Mac.attlocal.net" failures="0" tests="2" name="com.api.tests.CreateBatch" time="0.339" errors="0" timestamp="2025-03-26T19:14:10 CDT" skipped="0">
  <testcase classname="com.api.tests.CreateBatch" name="Createbatch" time="0.176"/>
  <testcase classname="com.api.tests.CreateBatch" name="Createbatch" time="0.163"/>
</testsuite> <!-- com.api.tests.CreateBatch -->
